2025-02-01 22:23:02 - Registration failed: Password too short for email: test@gmail.com.
2025-02-03 04:36:07 - User registered: Email: test2025@gmail.com, Role: employee.
2025-02-03 04:43:19 - User registered: Email: test2025@gmail.com, Role: employee.
2025-02-03 04:43:46 - User with ID: 1 logged in.
2025-02-03 04:43:59 - User with ID: 1 logged in.
2025-02-03 04:44:29 - Login failed: Incorrect password for email: test2025@gmail.com.
2025-02-03 04:44:50 - Login failed: Incorrect password for email: test2025@gmail.com.
2025-02-03 04:44:59 - User with ID: 1 logged in.
2025-02-03 04:49:50 - User with ID: 1 logged in.
2025-02-03 04:51:47 - User with ID: 1 logged in.
2025-02-03 04:54:10 - User with ID: 1 logged in.
2025-02-03 05:02:53 - User registered: Email: test2025@gmail.com, Role: admin.
2025-02-03 05:06:59 - User registered: Email: test2000@gmail.com, Role: admin.
2025-02-03 05:10:55 - User registered: Email: test2001@gmail.com, Role: admin.
2025-02-03 05:14:16 - User registered: Email: test2002@gmail.com, Role: admin.
2025-02-03 05:14:40 - User registered: Email: test2002@gmail.com, Role: admin.
2025-02-03 05:16:12 - User with ID: 6 logged in.
2025-02-03 05:16:33 - Login failed: No account found for email: test20000@gmail.com.
2025-02-03 05:16:47 - User registered: Email: test3000@gmail.com, Role: admin.
2025-02-03 05:18:16 - User registered: Email: test3001@gmail.com, Role: employee.
2025-02-03 05:18:40 - User with ID: 9 logged in.
2025-02-03 05:26:06 - User with ID: 1 logged in.
2025-02-03 05:26:17 - Login failed: No account found for email: test2025@gmail.co.
2025-02-03 05:27:19 - User registered: Email: test3025@gmail.com, Role: employee.
2025-02-03 05:27:53 - User with ID: 10 logged in.
2025-02-03 05:32:12 - User with ID: 10 logged in.
